0 info it worked if it ends with ok
1 verbose cli [ '/home/user/.linuxbrew/Cellar/node/7.0.0/bin/node',
1 verbose cli   '/home/user/.linuxbrew/bin/npm',
1 verbose cli   'run',
1 verbose cli   'Dev' ]
2 info using npm@3.10.8
3 info using node@v7.0.0
4 verbose run-script [ 'preDev', 'Dev', 'postDev' ]
5 info lifecycle ais-docs@0.0.0~preDev: ais-docs@0.0.0
6 silly lifecycle ais-docs@0.0.0~preDev: no script for preDev, continuing
7 info lifecycle ais-docs@0.0.0~Dev: ais-docs@0.0.0
8 verbose lifecycle ais-docs@0.0.0~Dev: unsafe-perm in lifecycle true
9 verbose lifecycle ais-docs@0.0.0~Dev: PATH: /home/user/.linuxbrew/lib/node_modules/npm/bin/node-gyp-bin:/home/user/Рабочий стол/AIS_docs/node_modules/.bin:/home/user/.linuxbrew/Cellar/node/7.0.0/bin:/home/user/.linuxbrew/bin:/home/user/.linuxbrew/bin:/usr/local/sbin:/usr/local/bin:/usr/sbin:/usr/bin:/sbin:/bin:/usr/games:/usr/local/games
10 verbose lifecycle ais-docs@0.0.0~Dev: CWD: /home/user/Рабочий стол/AIS_docs
11 silly lifecycle ais-docs@0.0.0~Dev: Args: [ '-c', '"npm run backend" "npm run devLnx"' ]
12 info lifecycle ais-docs@0.0.0~Dev: Failed to exec Dev script
13 verbose stack Error: ais-docs@0.0.0 Dev: `"npm run backend" "npm run devLnx"`
13 verbose stack spawn ENOENT
13 verbose stack     at ChildProcess.<anonymous> (/home/user/.linuxbrew/lib/node_modules/npm/lib/utils/spawn.js:33:16)
13 verbose stack     at emitTwo (events.js:106:13)
13 verbose stack     at ChildProcess.emit (events.js:191:7)
13 verbose stack     at maybeClose (internal/child_process.js:877:16)
13 verbose stack     at Process.ChildProcess._handle.onexit (internal/child_process.js:226:5)
14 verbose pkgid ais-docs@0.0.0
15 verbose cwd /home/user/Рабочий стол/AIS_docs
16 error Linux 4.4.0-21-generic
17 error argv "/home/user/.linuxbrew/Cellar/node/7.0.0/bin/node" "/home/user/.linuxbrew/bin/npm" "run" "Dev"
18 error node v7.0.0
19 error npm  v3.10.8
20 error file sh
21 error code ELIFECYCLE
22 error errno ENOENT
23 error syscall spawn
24 error ais-docs@0.0.0 Dev: `"npm run backend" "npm run devLnx"`
24 error spawn ENOENT
25 error Failed at the ais-docs@0.0.0 Dev script '"npm run backend" "npm run devLnx"'.
25 error Make sure you have the latest version of node.js and npm installed.
25 error If you do, this is most likely a problem with the ais-docs package,
25 error not with npm itself.
25 error Tell the author that this fails on your system:
25 error     "npm run backend" "npm run devLnx"
25 error You can get information on how to open an issue for this project with:
25 error     npm bugs ais-docs
25 error Or if that isn't available, you can get their info via:
25 error     npm owner ls ais-docs
25 error There is likely additional logging output above.
26 verbose exit [ 1, true ]
